#
# There is insufficient memory for the Java Runtime Environment to continue.
# Native memory allocation (mmap) failed to map 67108864 bytes. Error detail: G1 virtual space
# Possible reasons:
#   The system is out of physical RAM or swap space
#   This process is running with CompressedOops enabled, and the Java Heap may be blocking the growth of the native heap
# Possible solutions:
#   Reduce memory load on the system
#   Increase physical memory or swap space
#   Check if swap backing store is full
#   Decrease Java heap size (-Xmx/-Xms)
#   Decrease number of Java threads
#   Decrease Java thread stack sizes (-Xss)
#   Set larger code cache with -XX:ReservedCodeCacheSize=
#   JVM is running with Unscaled Compressed Oops mode in which the Java heap is
#     placed in the first 4GB address space. The Java Heap base address is the
#     maximum limit for the native heap growth. Please use -XX:HeapBaseMinAddress
#     to set the Java Heap base and to place the Java Heap above 4GB virtual address.
# This output file may be truncated or incomplete.
#
#  Out of Memory Error (os_windows.cpp:3631), pid=17208, tid=17624
#
# JRE version:  (22.0+36) (build )
# Java VM: Java HotSpot(TM) 64-Bit Server VM (22+36-2370, mixed mode, sharing, tiered, compressed oops, compressed class ptrs, g1 gc, windows-amd64)
# No core dump will be written. Minidumps are not enabled by default on client versions of Windows
#

---------------  S U M M A R Y ------------

Command Line: -Xmx64m -Xms64m -Dorg.gradle.appname=gradlew org.gradle.wrapper.GradleWrapperMain app:assembleDebug -x lint -x test --configure-on-demand --build-cache -PreactNativeDevServerPort=8086 -PreactNativeArchitectures=x86_64,arm64-v8a

Host: AMD Ryzen 5 3600X 6-Core Processor             , 12 cores, 15G,  Windows 10 , 64 bit Build 19041 (10.0.19041.5915)
Time: Wed Oct 29 08:33:58 2025 Hora oficial do Brasil elapsed time: 0.015839 seconds (0d 0h 0m 0s)

---------------  T H R E A D  ---------------

Current thread (0x0000023367945610):  JavaThread "Unknown thread" [_thread_in_vm, id=17624, stack(0x000000f45e700000,0x000000f45e800000) (1024K)]

Stack: [0x000000f45e700000,0x000000f45e800000]
Native frames: (J=compiled Java code, j=interpreted, Vv=VM code, C=native code)
V  [jvm.dll+0x6e2349]  (no source info available)
V  [jvm.dll+0x874ed3]  (no source info available)
V  [jvm.dll+0x8772fe]  (no source info available)
V  [jvm.dll+0x8779d3]  (no source info available)
V  [jvm.dll+0x27fcb6]  (no source info available)
V  [jvm.dll+0x6de9e5]  (no source info available)
V  [jvm.dll+0x6d34ea]  (no source info available)
V  [jvm.dll+0x35892a]  (no source info available)
V  [jvm.dll+0x360e56]  (no source info available)
V  [jvm.dll+0x3b3d7e]  (no source info available)
V  [jvm.dll+0x3b4028]  (no source info available)
V  [jvm.dll+0x32c4ec]  (no source info available)
V  [jvm.dll+0x32d0a8]  (no source info available)
V  [jvm.dll+0x83cd9c]  (no source info available)
V  [jvm.dll+0x3c0cc1]  (no source info available)
V  [jvm.dll+0x825d8c]  (no source info available)
V  [jvm.dll+0x45b9ee]  (no source info available)
V  [jvm.dll+0x45d871]  (no source info available)
C  [jli.dll+0x52a3]  (no source info available)
C  [ucrtbase.dll+0x21bb2]  (no source info available)
C  [KERNEL32.DLL+0x17374]  (no source info available)
C  [ntdll.dll+0x4cc91]  (no source info available)


---------------  P R O C E S S  ---------------

Threads class SMR info:
_java_thread_list=0x00007ffe90e7c1c8, length=0, elements={
}

Java Threads: ( => current thread )
Total: 0

Other Threads:
  0x0000023367af1970 WorkerThread "GC Thread#0"                     [id=7188, stack(0x000000f45e800000,0x000000f45e900000) (1024K)]
  0x0000023367af5010 ConcurrentGCThread "G1 Main Marker"            [id=16548, stack(0x000000f45e900000,0x000000f45ea00000) (1024K)]
  0x0000023367af69d0 WorkerThread "G1 Conc#0"                       [id=12656, stack(0x000000f45ea00000,0x000000f45eb00000) (1024K)]

[error occurred during error reporting (printing all threads), id 0xc0000005, EXCEPTION_ACCESS_VIOLATION (0xc0000005) at pc=0x00007ffe905cf2b7]
VM state: not at safepoint (not fully initialized)

VM Mutex/Monitor currently owned by a thread:  ([mutex/lock_event])
[0x00007ffe90efccc8] Heap_lock - owner thread: 0x0000023367945610

Heap address: 0x00000000fc000000, size: 64 MB, Compressed Oops mode: 32-bit

CDS archive(s) mapped at: [0x0000000000000000-0x0000000000000000-0x0000000000000000), size 0, SharedBaseAddress: 0x0000000800000000, ArchiveRelocationMode: 1.
Narrow klass base: 0x0000000000000000, Narrow klass shift: 0, Narrow klass range: 0x0

GC Precious Log:
 CardTable entry size: 512
 Card Set container configuration: InlinePtr #cards 5 size 8 Array Of Cards #cards 12 size 40 Howl #buckets 4 coarsen threshold 1843 Howl Bitmap #cards 512 size 80 coarsen threshold 460 Card regions per heap region 1 cards per card region 2048

Heap:
 garbage-first heap   total reserved 65536K, committed 0K, used 0K [0x00000000fc000000, 0x0000000100000000)
  region size 1024K, 0 young (0K), 0 survivors (0K)

[error occurred during error reporting (printing heap information), id 0xc0000005, EXCEPTION_ACCESS_VIOLATION (0xc0000005) at pc=0x00007ffe909ce4e9]
GC Heap History (0 events):
No events

Dll operation events (1 events):
Event: 0.009 Loaded shared library C:\Program Files\Java\jdk-22\bin\java.dll

Deoptimization events (0 events):
No events

Classes loaded (0 events):
No events

Classes unloaded (0 events):
No events

Classes redefined (0 events):
No events

Internal exceptions (0 events):
No events

ZGC Phase Switch (0 events):
No events

VM Operations (0 events):
No events

Events (0 events):
No events


Dynamic libraries:
0x00007ff7cb790000 - 0x00007ff7cb7a0000 	C:\Program Files\Java\jdk-22\bin\java.exe
0x00007ffeb84d0000 - 0x00007ffeb86c8000 	C:\WINDOWS\SYSTEM32\ntdll.dll
0x00007ffeb67e0000 - 0x00007ffeb68a2000 	C:\WINDOWS\System32\KERNEL32.DLL
0x00007ffeb6120000 - 0x00007ffeb6416000 	C:\WINDOWS\System32\KERNELBASE.dll
0x00007ffeb5d00000 - 0x00007ffeb5e00000 	C:\WINDOWS\System32\ucrtbase.dll
0x00007ffeb09b0000 - 0x00007ffeb09c7000 	C:\Program Files\Java\jdk-22\bin\jli.dll
0x00007ffeb2700000 - 0x00007ffeb271b000 	C:\Program Files\Java\jdk-22\bin\VCRUNTIME140.dll
0x00007ffeb6a10000 - 0x00007ffeb6ac1000 	C:\WINDOWS\System32\ADVAPI32.dll
0x00007ffeb7790000 - 0x00007ffeb782e000 	C:\WINDOWS\System32\msvcrt.dll
0x00007ffeb6970000 - 0x00007ffeb6a0f000 	C:\WINDOWS\System32\sechost.dll
0x00007ffeb7fb0000 - 0x00007ffeb80d0000 	C:\WINDOWS\System32\RPCRT4.dll
0x00007ffeb5bb0000 - 0x00007ffeb5bd7000 	C:\WINDOWS\System32\bcrypt.dll
0x00007ffeb7830000 - 0x00007ffeb79d1000 	C:\WINDOWS\System32\USER32.dll
0x00007ffe9ec70000 - 0x00007ffe9ef0b000 	C:\WINDOWS\WinSxS\amd64_microsoft.windows.common-controls_6595b64144ccf1df_6.0.19041.6456_none_60b8a6cb71f64256\COMCTL32.dll
0x00007ffeb64c0000 - 0x00007ffeb64e2000 	C:\WINDOWS\System32\win32u.dll
0x00007ffeb6ad0000 - 0x00007ffeb6afb000 	C:\WINDOWS\System32\GDI32.dll
0x00007ffeb5be0000 - 0x00007ffeb5cf9000 	C:\WINDOWS\System32\gdi32full.dll
0x00007ffeb6420000 - 0x00007ffeb64bd000 	C:\WINDOWS\System32\msvcp_win.dll
0x00007ffeb0000000 - 0x00007ffeb000a000 	C:\WINDOWS\SYSTEM32\VERSION.dll
0x00007ffeb6750000 - 0x00007ffeb677f000 	C:\WINDOWS\System32\IMM32.DLL
0x00007ffeb0b50000 - 0x00007ffeb0b5c000 	C:\Program Files\Java\jdk-22\bin\vcruntime140_1.dll
0x00007ffe918b0000 - 0x00007ffe9193e000 	C:\Program Files\Java\jdk-22\bin\msvcp140.dll
0x00007ffe90290000 - 0x00007ffe90fd8000 	C:\Program Files\Java\jdk-22\bin\server\jvm.dll
0x00007ffeb7640000 - 0x00007ffeb76ab000 	C:\WINDOWS\System32\WS2_32.dll
0x00007ffeb50a0000 - 0x00007ffeb50eb000 	C:\WINDOWS\SYSTEM32\POWRPROF.dll
0x00007ffeac790000 - 0x00007ffeac7b7000 	C:\WINDOWS\SYSTEM32\WINMM.dll
0x00007ffeb4f60000 - 0x00007ffeb4f72000 	C:\WINDOWS\SYSTEM32\UMPDC.dll
0x00007ffeb39f0000 - 0x00007ffeb3a02000 	C:\WINDOWS\SYSTEM32\kernel.appcore.dll
0x00007ffeb09a0000 - 0x00007ffeb09aa000 	C:\Program Files\Java\jdk-22\bin\jimage.dll
0x00007ffeabce0000 - 0x00007ffeabee1000 	C:\WINDOWS\SYSTEM32\DBGHELP.DLL
0x00007ffe93710000 - 0x00007ffe93744000 	C:\WINDOWS\SYSTEM32\dbgcore.DLL
0x00007ffeb6090000 - 0x00007ffeb6112000 	C:\WINDOWS\System32\bcryptPrimitives.dll
0x00007ffeadc60000 - 0x00007ffeadc7e000 	C:\Program Files\Java\jdk-22\bin\java.dll
0x00007ffeb6d90000 - 0x00007ffeb7500000 	C:\WINDOWS\System32\SHELL32.dll
0x00007ffeb6620000 - 0x00007ffeb674b000 	C:\WINDOWS\System32\ole32.dll
0x00007ffeb8130000 - 0x00007ffeb8484000 	C:\WINDOWS\System32\combase.dll

dbghelp: loaded successfully - version: 4.0.5 - missing functions: none
symbol engine: initialized successfully - sym options: 0x614 - pdb path: .;C:\Program Files\Java\jdk-22\bin;C:\WINDOWS\SYSTEM32;C:\WINDOWS\WinSxS\amd64_microsoft.windows.common-controls_6595b64144ccf1df_6.0.19041.6456_none_60b8a6cb71f64256;C:\Program Files\Java\jdk-22\bin\server

VM Arguments:
jvm_args: -Xmx64m -Xms64m -Dorg.gradle.appname=gradlew 
java_command: org.gradle.wrapper.GradleWrapperMain app:assembleDebug -x lint -x test --configure-on-demand --build-cache -PreactNativeDevServerPort=8086 -PreactNativeArchitectures=x86_64,arm64-v8a
java_class_path (initial): D:\VScode-workspace\beer-rats\android\\gradle\wrapper\gradle-wrapper.jar
Launcher Type: SUN_STANDARD

[Global flags]
     intx CICompilerCount                          = 4                                         {product} {ergonomic}
     uint ConcGCThreads                            = 3                                         {product} {ergonomic}
     uint G1ConcRefinementThreads                  = 10                                        {product} {ergonomic}
   size_t G1HeapRegionSize                         = 1048576                                   {product} {ergonomic}
   size_t InitialHeapSize                          = 67108864                                  {product} {command line}
   size_t MarkStackSize                            = 4194304                                   {product} {ergonomic}
   size_t MaxHeapSize                              = 67108864                                  {product} {command line}
   size_t MinHeapDeltaBytes                        = 1048576                                   {product} {ergonomic}
   size_t MinHeapSize                              = 67108864                                  {product} {command line}
    uintx NonNMethodCodeHeapSize                   = 5839372                                {pd product} {ergonomic}
    uintx NonProfiledCodeHeapSize                  = 122909434                              {pd product} {ergonomic}
    uintx ProfiledCodeHeapSize                     = 122909434                              {pd product} {ergonomic}
    uintx ReservedCodeCacheSize                    = 251658240                              {pd product} {ergonomic}
     bool SegmentedCodeCache                       = true                                      {product} {ergonomic}
   size_t SoftMaxHeapSize                          = 67108864                               {manageable} {ergonomic}
     bool UseCompressedOops                        = true                           {product lp64_product} {ergonomic}
     bool UseG1GC                                  = true                                      {product} {ergonomic}
     bool UseLargePagesIndividualAllocation        = false                                  {pd product} {ergonomic}

Logging:
Log output configuration:
 #0: stdout all=warning uptime,level,tags foldmultilines=false
 #1: stderr all=off uptime,level,tags foldmultilines=false

Environment Variables:
JAVA_HOME=C:\Program Files\Java\jdk-22
CLASSPATH=D:\VScode-workspace\beer-rats\android\\gradle\wrapper\gradle-wrapper.jar
PATH=D:\VScode-workspace\beer-rats\node_modules\.bin;D:\VScode-workspace\node_modules\.bin;D:\node_modules\.bin;C:\Users\Enrico\AppData\Roaming\npm\node_modules\npm\node_modules\@npmcli\run-script\lib\node-gyp-bin;C:\Python312\Scripts\;C:\Python312\;C:\Users\Enrico\AppData\Local\Programs\Python\Python311;C:\Program Files\Common Files\Oracle\Java\javapath;C:\Program Files\Python38\Scripts\;C:\Program Files\Python38\;C:\Windows\system32;C:\Windows;C:\Windows\System32\Wbem;C:\Windows\System32\WindowsPowerShell\v1.0\;C:\Windows\System32\OpenSSH\;C:\Program Files (x86)\NVIDIA Corporation\PhysX\Common;C:\WINDOWS\system32;C:\WINDOWS;C:\WINDOWS\System32\Wbem;C:\WINDOWS\System32\WindowsPowerShell\v1.0\;C:\WINDOWS\System32\OpenSSH\;C:\ProgramData\chocolatey\bin;C:\Program Files\Java\jdk1.8.0_341\bin;C:\Users\Enrico\AppData\Local\Programs\Python\Python310\Scripts;D:\php82;C:\ProgramData\ComposerSetup\bin;C:\Program Files\dotnet\;C:\Users\Enrico\AppData\Roaming\Cloud Foundry;C:\Program Files\Cloud Foundry;C:\Program Files\nodejs\;C:\Program Files\Git\cmd;C:\Program Files\GitHub CLI\;C:\Ruby32-x64\bin;C:\Users\Enrico\AppData\Local\Microsoft\WindowsApps;D:\DownloadsHD\Microsoft VS Code\bin;C:\Users\Enrico\AppData\Roaming\Composer\vendor\bin;C:\gradle-8.5\bin;C:\Users\Enrico\AppData\Local\Android\Sdk\platform-tools;C:\Users\Enrico\AppData\Local\Android\Sdk\tools;C:\Program Files\MySQL\MySQL Server 8.0\bin;C:\Users\Enrico\AppData\Roaming\npm;C:\Program Files\Tesseract-OCR;C:\Users\Enrico\.dotnet\tools;C:\Users\Enrico\AppData\Local\Programs\Windsurf\bin
USERNAME=Enrico
LANG=en_US.UTF-8
OS=Windows_NT
PROCESSOR_IDENTIFIER=AMD64 Family 23 Model 113 Stepping 0, AuthenticAMD
TMP=C:\Users\Enrico\AppData\Local\Temp
TEMP=C:\Users\Enrico\AppData\Local\Temp




Periodic native trim disabled

---------------  S Y S T E M  ---------------

OS:
 Windows 10 , 64 bit Build 19041 (10.0.19041.5915)
OS uptime: 0 days 1:03 hours

CPU: total 12 (initial active 12) (12 cores per cpu, 2 threads per core) family 23 model 113 stepping 0 microcode 0x0, cx8, cmov, fxsr, ht, mmx, 3dnowpref, sse, sse2, sse3, ssse3, sse4a, sse4.1, sse4.2, popcnt, lzcnt, tsc, tscinvbit, avx, avx2, aes, clmul, bmi1, bmi2, adx, sha, fma, vzeroupper, clflush, clflushopt, rdtscp, rdpid, f16c
Processor Information for all 12 processors :
  Max Mhz: 3793, Current Mhz: 3793, Mhz Limit: 3793

Memory: 4k page, system-wide physical 16315M (723M free)
TotalPageFile size 37601M (AvailPageFile size 64M)
current process WorkingSet (physical memory assigned to process): 11M, peak: 11M
current process commit charge ("private bytes"): 64M, peak: 127M

vm_info: Java HotSpot(TM) 64-Bit Server VM (22+36-2370) for windows-amd64 JRE (22+36-2370), built on 2024-02-15T22:15:19Z by "mach5one" with MS VC++ 17.6 (VS2022)

END.
